{
  "stats": {
    "suites": 1,
    "tests": 1,
    "passes": 1,
    "pending": 0,
    "failures": 0,
    "start": "2023-09-30T18:01:20.505Z",
    "end": "2023-09-30T18:01:36.340Z",
    "duration": 15835,
    "testsRegistered": 1,
    "passPercent": 100,
    "pendingPercent": 0,
    "other": 0,
    "hasOther": false,
    "skipped": 0,
    "hasSkipped": false
  },
  "results": [
    {
      "uuid": "2718044e-2ed2-4c53-a1ac-410330a061e4",
      "title": "",
      "fullFile": "cypress/e2e/spec2.cy.js",
      "file": "cypress/e2e/spec2.cy.js",
      "beforeHooks": [],
      "afterHooks": [],
      "tests": [],
      "suites": [
        {
          "uuid": "1d6debe6-9507-4aec-bfe4-492880cb2d64",
          "title": "Template Spec 2",
          "fullFile": "",
          "file": "",
          "beforeHooks": [],
          "afterHooks": [],
          "tests": [
            {
              "title": "Passing Test",
              "fullTitle": "Template Spec 2 Passing Test",
              "timedOut": null,
              "duration": 15756,
              "state": "passed",
              "speed": "slow",
              "pass": true,
              "fail": false,
              "pending": false,
              "context": "{\n  \"title\": \"cypress-mochawesome-reporter-videos-passed\",\n  \"value\": \"cypress/e2e/spec2.cy.js\"\n}",
              "code": "cy.wait(10000);\nsampleTest();",
              "err": {},
              "uuid": "e647c8be-9994-4d4c-ad3d-c855be6497e4",
              "parentUUID": "1d6debe6-9507-4aec-bfe4-492880cb2d64",
              "isHook": false,
              "skipped": false
            }
          ],
          "suites": [],
          "passes": [
            "e647c8be-9994-4d4c-ad3d-c855be6497e4"
          ],
          "failures": [],
          "pending": [],
          "skipped": [],
          "duration": 15756,
          "root": false,
          "rootEmpty": false,
          "_timeout": 2000
        }
      ],
      "passes": [],
      "failures": [],
      "pending": [],
      "skipped": [],
      "duration": 0,
      "root": true,
      "rootEmpty": true,
      "_timeout": 2000
    }
  ],
  "meta": {
    "mocha": {
      "version": "7.0.1"
    },
    "mochawesome": {
      "options": {
        "quiet": false,
        "reportFilename": "mochawesome",
        "saveHtml": false,
        "saveJson": true,
        "consoleReporter": "spec",
        "useInlineDiffs": false,
        "code": true
      },
      "version": "7.1.3"
    },
    "marge": {
      "options": {
        "reportTitle": "App Tests Report",
        "reportPageTitle": "Sample Tests Report",
        "reportDir": "cypress/results/.jsons",
        "charts": true,
        "embeddedScreenshots": true,
        "inlineAssets": false,
        "saveAllAttempts": true,
        "overwrite": false,
        "removeJsonsFolderAfterMerge": false,
        "html": false,
        "json": true
      },
      "version": "6.2.0"
    }
  }
}