{
  "stats": {
    "suites": 1,
    "tests": 1,
    "passes": 1,
    "pending": 0,
    "failures": 0,
    "start": "2023-09-30T17:57:22.597Z",
    "end": "2023-09-30T17:57:33.723Z",
    "duration": 11126,
    "testsRegistered": 1,
    "passPercent": 100,
    "pendingPercent": 0,
    "other": 0,
    "hasOther": false,
    "skipped": 0,
    "hasSkipped": false
  },
  "results": [
    {
      "uuid": "25bce78b-edc4-4133-8e71-b605a6d34ccc",
      "title": "",
      "fullFile": "cypress/e2e/spec.cy.js",
      "file": "cypress/e2e/spec.cy.js",
      "beforeHooks": [],
      "afterHooks": [],
      "tests": [],
      "suites": [
        {
          "uuid": "6db0f218-7d37-4714-9b58-db0abeae738f",
          "title": "Template Spec 1",
          "fullFile": "",
          "file": "",
          "beforeHooks": [],
          "afterHooks": [],
          "tests": [
            {
              "title": "Passing Test",
              "fullTitle": "Template Spec 1 Passing Test",
              "timedOut": null,
              "duration": 11025,
              "state": "passed",
              "speed": "slow",
              "pass": true,
              "fail": false,
              "pending": false,
              "context": "{\n  \"title\": \"cypress-mochawesome-reporter-videos-passed\",\n  \"value\": \"cypress/e2e/spec.cy.js\"\n}",
              "code": "cy.wait(5000);\nsampleTest();",
              "err": {},
              "uuid": "2ea975bc-5d36-4e6d-8489-5dd832687e2c",
              "parentUUID": "6db0f218-7d37-4714-9b58-db0abeae738f",
              "isHook": false,
              "skipped": false
            }
          ],
          "suites": [],
          "passes": [
            "2ea975bc-5d36-4e6d-8489-5dd832687e2c"
          ],
          "failures": [],
          "pending": [],
          "skipped": [],
          "duration": 11025,
          "root": false,
          "rootEmpty": false,
          "_timeout": 2000
        }
      ],
      "passes": [],
      "failures": [],
      "pending": [],
      "skipped": [],
      "duration": 0,
      "root": true,
      "rootEmpty": true,
      "_timeout": 2000
    }
  ],
  "meta": {
    "mocha": {
      "version": "7.0.1"
    },
    "mochawesome": {
      "options": {
        "quiet": false,
        "reportFilename": "mochawesome",
        "saveHtml": false,
        "saveJson": true,
        "consoleReporter": "spec",
        "useInlineDiffs": false,
        "code": true
      },
      "version": "7.1.3"
    },
    "marge": {
      "options": {
        "reportTitle": "App Tests Report",
        "reportPageTitle": "Sample Tests Report",
        "reportDir": "cypress/results/.jsons",
        "charts": true,
        "embeddedScreenshots": true,
        "inlineAssets": false,
        "saveAllAttempts": true,
        "overwrite": false,
        "removeJsonsFolderAfterMerge": false,
        "html": false,
        "json": true
      },
      "version": "6.2.0"
    }
  }
}