{
  "stats": {
    "suites": 1,
    "tests": 1,
    "passes": 1,
    "pending": 0,
    "failures": 0,
    "start": "2023-09-30T18:01:39.574Z",
    "end": "2023-09-30T18:01:52.300Z",
    "duration": 12726,
    "testsRegistered": 1,
    "passPercent": 100,
    "pendingPercent": 0,
    "other": 0,
    "hasOther": false,
    "skipped": 0,
    "hasSkipped": false
  },
  "results": [
    {
      "uuid": "f5dfc069-ce38-45ec-ae25-50e06e75bf78",
      "title": "",
      "fullFile": "cypress/e2e/spec3.cy.js",
      "file": "cypress/e2e/spec3.cy.js",
      "beforeHooks": [],
      "afterHooks": [],
      "tests": [],
      "suites": [
        {
          "uuid": "375c2139-43c7-48e8-a37b-4d84d9a23174",
          "title": "Template Spec 3",
          "fullFile": "",
          "file": "",
          "beforeHooks": [],
          "afterHooks": [],
          "tests": [
            {
              "title": "Passing Test",
              "fullTitle": "Template Spec 3 Passing Test",
              "timedOut": null,
              "duration": 12648,
              "state": "passed",
              "speed": "slow",
              "pass": true,
              "fail": false,
              "pending": false,
              "context": "{\n  \"title\": \"cypress-mochawesome-reporter-videos-passed\",\n  \"value\": \"cypress/e2e/spec3.cy.js\"\n}",
              "code": "cy.wait(7000);\nsampleTest();",
              "err": {},
              "uuid": "5d65696f-9c32-4f77-b6ed-88a836e87a42",
              "parentUUID": "375c2139-43c7-48e8-a37b-4d84d9a23174",
              "isHook": false,
              "skipped": false
            }
          ],
          "suites": [],
          "passes": [
            "5d65696f-9c32-4f77-b6ed-88a836e87a42"
          ],
          "failures": [],
          "pending": [],
          "skipped": [],
          "duration": 12648,
          "root": false,
          "rootEmpty": false,
          "_timeout": 2000
        }
      ],
      "passes": [],
      "failures": [],
      "pending": [],
      "skipped": [],
      "duration": 0,
      "root": true,
      "rootEmpty": true,
      "_timeout": 2000
    }
  ],
  "meta": {
    "mocha": {
      "version": "7.0.1"
    },
    "mochawesome": {
      "options": {
        "quiet": false,
        "reportFilename": "mochawesome",
        "saveHtml": false,
        "saveJson": true,
        "consoleReporter": "spec",
        "useInlineDiffs": false,
        "code": true
      },
      "version": "7.1.3"
    },
    "marge": {
      "options": {
        "reportTitle": "App Tests Report",
        "reportPageTitle": "Sample Tests Report",
        "reportDir": "cypress/results/.jsons",
        "charts": true,
        "embeddedScreenshots": true,
        "inlineAssets": false,
        "saveAllAttempts": true,
        "overwrite": false,
        "removeJsonsFolderAfterMerge": false,
        "html": false,
        "json": true
      },
      "version": "6.2.0"
    }
  }
}