{
  "stats": {
    "suites": 1,
    "tests": 1,
    "passes": 1,
    "pending": 0,
    "failures": 0,
    "start": "2023-09-30T17:57:57.257Z",
    "end": "2023-09-30T17:58:10.299Z",
    "duration": 13042,
    "testsRegistered": 1,
    "passPercent": 100,
    "pendingPercent": 0,
    "other": 0,
    "hasOther": false,
    "skipped": 0,
    "hasSkipped": false
  },
  "results": [
    {
      "uuid": "e4cbfa10-ddd6-4f75-8d74-4dec849c6a23",
      "title": "",
      "fullFile": "cypress/e2e/spec3.cy.js",
      "file": "cypress/e2e/spec3.cy.js",
      "beforeHooks": [],
      "afterHooks": [],
      "tests": [],
      "suites": [
        {
          "uuid": "770bcb8d-4dc0-44d4-816c-4609f91d7360",
          "title": "Template Spec 3",
          "fullFile": "",
          "file": "",
          "beforeHooks": [],
          "afterHooks": [],
          "tests": [
            {
              "title": "Passing Test",
              "fullTitle": "Template Spec 3 Passing Test",
              "timedOut": null,
              "duration": 12933,
              "state": "passed",
              "speed": "slow",
              "pass": true,
              "fail": false,
              "pending": false,
              "context": "{\n  \"title\": \"cypress-mochawesome-reporter-videos-passed\",\n  \"value\": \"cypress/e2e/spec3.cy.js\"\n}",
              "code": "cy.wait(7000);\nsampleTest();",
              "err": {},
              "uuid": "b17e2fb8-5cd2-4ebe-9a0d-75a956eed4fd",
              "parentUUID": "770bcb8d-4dc0-44d4-816c-4609f91d7360",
              "isHook": false,
              "skipped": false
            }
          ],
          "suites": [],
          "passes": [
            "b17e2fb8-5cd2-4ebe-9a0d-75a956eed4fd"
          ],
          "failures": [],
          "pending": [],
          "skipped": [],
          "duration": 12933,
          "root": false,
          "rootEmpty": false,
          "_timeout": 2000
        }
      ],
      "passes": [],
      "failures": [],
      "pending": [],
      "skipped": [],
      "duration": 0,
      "root": true,
      "rootEmpty": true,
      "_timeout": 2000
    }
  ],
  "meta": {
    "mocha": {
      "version": "7.0.1"
    },
    "mochawesome": {
      "options": {
        "quiet": false,
        "reportFilename": "mochawesome",
        "saveHtml": false,
        "saveJson": true,
        "consoleReporter": "spec",
        "useInlineDiffs": false,
        "code": true
      },
      "version": "7.1.3"
    },
    "marge": {
      "options": {
        "reportTitle": "App Tests Report",
        "reportPageTitle": "Sample Tests Report",
        "reportDir": "cypress/results/.jsons",
        "charts": true,
        "embeddedScreenshots": true,
        "inlineAssets": false,
        "saveAllAttempts": true,
        "overwrite": false,
        "removeJsonsFolderAfterMerge": false,
        "html": false,
        "json": true
      },
      "version": "6.2.0"
    }
  }
}